2024-03-30 09:23:19 Loading main app package /usr/lib/obsidian/obsidian.asar
2024-03-30 09:23:19 Checking for update using Github
2024-03-30 09:23:19 Success.
2024-03-30 09:23:19 Latest version is 1.5.11
2024-03-30 09:23:19 App is up to date.
2024-03-30 09:43:23 Loading main app package /usr/lib/obsidian/obsidian.asar
2024-03-30 09:43:23 Checking for update using Github
2024-03-30 09:43:23 Success.
2024-03-30 09:43:23 Latest version is 1.5.11
2024-03-30 09:43:23 App is up to date.
2024-03-30 10:43:23 Checking for update using Github
2024-03-30 10:43:23 Success.
2024-03-30 10:43:23 Latest version is 1.5.11
2024-03-30 10:43:23 App is up to date.
2024-03-30 14:08:52 Checking for update using Github
2024-03-30 14:09:02 Success.
2024-03-30 14:09:02 Latest version is 1.5.11
2024-03-30 14:09:02 App is up to date.
2024-04-11 22:19:11 Loading main app package /usr/lib/obsidian/obsidian.asar
2024-04-11 22:19:11 Checking for update using Github
2024-04-11 22:19:12 Success.
2024-04-11 22:19:12 Latest version is 1.5.12
2024-04-11 22:19:12 App is up to date.
2024-04-16 11:04:22 Loading main app package /usr/lib/obsidian/obsidian.asar
2024-04-16 11:04:22 Checking for update using Github
2024-04-16 11:04:23 Success.
2024-04-16 11:04:23 Latest version is 1.5.12
2024-04-16 11:04:23 App is up to date.
2024-04-16 11:15:51 Loading main app package /usr/lib/obsidian/obsidian.asar
2024-04-16 11:15:52 Checking for update using Github
2024-04-16 11:15:52 Success.
2024-04-16 11:15:52 Latest version is 1.5.12
2024-04-16 11:15:52 App is up to date.
2024-04-17 10:19:12 Checking for update using Github
2024-04-17 10:20:25 Failed to check for update using Github (net::ERR_CONNECTION_RESET)
2024-04-17 10:20:25 Checking for update using obsidian.md
2024-04-17 10:20:25 Failed to check for update using obsidian.md (Unexpected end of JSON input)
2024-04-19 14:13:43 Checking for update using Github
2024-04-19 14:13:43 Success.
2024-04-19 14:13:43 Latest version is 1.5.12
2024-04-19 14:13:43 App is up to date.
2024-04-19 15:36:41 Checking for update using Github
2024-04-19 15:36:51 Success.
2024-04-19 15:36:51 Latest version is 1.5.12
2024-04-19 15:36:51 App is up to date.
2024-04-20 21:43:27 Checking for update using Github
2024-04-20 21:43:50 Success.
2024-04-20 21:43:50 Latest version is 1.5.12
2024-04-20 21:43:50 App is up to date.
2024-04-20 23:06:26 Checking for update using Github
2024-04-20 23:06:26 Success.
2024-04-20 23:06:26 Latest version is 1.5.12
2024-04-20 23:06:26 App is up to date.
2024-04-20 23:52:51 Loading main app package /usr/lib/obsidian/obsidian.asar
2024-04-20 23:52:52 Checking for update using Github
2024-04-20 23:52:52 Success.
2024-04-20 23:52:52 Latest version is 1.5.12
2024-04-20 23:52:52 App is up to date.
2024-05-09 12:02:37 Loading main app package /usr/lib/obsidian/obsidian.asar
2024-05-09 12:02:38 Checking for update using Github
2024-05-09 12:02:38 Success.
2024-05-09 12:02:38 Latest version is 1.5.12
2024-05-09 12:02:38 App is up to date.
2024-05-09 13:02:37 Checking for update using Github
2024-05-09 13:02:47 Success.
2024-05-09 13:02:47 Latest version is 1.5.12
2024-05-09 13:02:47 App is up to date.
2024-06-01 11:42:00 Loading main app package /usr/lib/obsidian/obsidian.asar
2024-06-01 11:42:02 Checking for update using Github
2024-06-01 11:42:03 Success.
2024-06-01 11:42:03 Latest version is 1.5.12
2024-06-01 11:42:03 App is up to date.
2024-06-06 14:57:56 Checking for update using Github
2024-06-06 14:57:56 Success.
2024-06-06 14:57:56 Latest version is 1.5.12
2024-06-06 14:57:56 App is up to date.
2024-06-06 16:54:31 Checking for update using Github
2024-06-06 16:54:31 Success.
2024-06-06 16:54:31 Latest version is 1.5.12
2024-06-06 16:54:31 App is up to date.
2024-06-07 07:30:49 Checking for update using Github
2024-06-07 07:30:49 Success.
2024-06-07 07:30:49 Latest version is 1.5.12
2024-06-07 07:30:49 App is up to date.
2024-06-08 04:43:40 Checking for update using Github
2024-06-08 04:43:41 Success.
2024-06-08 04:43:41 Latest version is 1.6.2
2024-06-08 04:43:41 Downloading update from https://github.com/obsidianmd/obsidian-releases/releases/download/v1.6.2/obsidian-1.6.2.asar.gz
2024-06-08 04:43:42 Verifying hash & signature. Size= 8794467
2024-06-08 04:43:42 Saving file
2024-06-08 04:43:42 Update complete.
2024-06-08 06:08:54 Checking for update using Github
2024-06-08 06:09:19 Success.
2024-06-08 06:09:19 Latest version is 1.6.2
2024-06-08 06:09:19 An update is already downloaded.
2024-06-08 14:55:32 Checking for update using Github
2024-06-08 14:55:32 Success.
2024-06-08 14:55:32 Latest version is 1.6.2
2024-06-08 14:55:32 An update is already downloaded.
2024-06-08 16:20:51 Checking for update using Github
2024-06-08 16:21:01 Success.
2024-06-08 16:21:01 Latest version is 1.6.2
2024-06-08 16:21:01 An update is already downloaded.
2024-06-09 08:17:29 Checking for update using Github
2024-06-09 08:17:29 Success.
2024-06-09 08:17:29 Latest version is 1.6.3
2024-06-09 08:17:29 Downloading update from https://github.com/obsidianmd/obsidian-releases/releases/download/v1.6.3/obsidian-1.6.3.asar.gz
2024-06-09 08:17:32 Verifying hash & signature. Size= 8794449
2024-06-09 08:17:32 Saving file
2024-06-09 08:17:32 Update complete.
2024-06-09 09:45:12 Checking for update using Github
2024-06-09 09:45:12 Success.
2024-06-09 09:45:12 Latest version is 1.6.3
2024-06-09 09:45:12 An update is already downloaded.
2024-06-09 11:10:19 Checking for update using Github
2024-06-09 11:10:49 Success.
2024-06-09 11:10:49 Latest version is 1.6.3
2024-06-09 11:10:49 An update is already downloaded.
2024-06-09 12:35:52 Checking for update using Github
2024-06-09 12:36:02 Success.
2024-06-09 12:36:02 Latest version is 1.6.3
2024-06-09 12:36:02 An update is already downloaded.
2024-06-09 14:01:06 Checking for update using Github
2024-06-09 14:01:16 Success.
2024-06-09 14:01:16 Latest version is 1.6.3
2024-06-09 14:01:16 An update is already downloaded.
2024-06-09 15:26:20 Checking for update using Github
2024-06-09 15:26:30 Success.
2024-06-09 15:26:30 Latest version is 1.6.3
2024-06-09 15:26:30 An update is already downloaded.
2024-06-18 07:37:03 Loading updated app package /home/sebas/.config/obsidian/obsidian-1.6.3.asar
2024-06-18 07:37:05 Checking for update using Github
2024-06-18 07:37:05 Success.
2024-06-18 07:37:05 Latest version is 1.6.3
2024-06-18 07:37:05 App is up to date.
2024-06-18 07:44:57 Loading main app package /usr/lib/obsidian/obsidian.asar
2024-06-18 07:44:59 Checking for update using Github
2024-06-18 07:44:59 Success.
2024-06-18 07:44:59 Latest version is 1.6.3
2024-06-18 07:44:59 App is up to date.
2024-06-20 08:50:54 Loading main app package /usr/lib/obsidian/obsidian.asar
2024-06-20 08:50:56 Checking for update using Github
2024-06-20 08:50:56 Success.
2024-06-20 08:50:56 Latest version is 1.6.3
2024-06-20 08:50:56 App is up to date.
